<?xml version="1.0" encoding="UTF-8"?>
<!-- Generated by org.testng.reporters.JUnitXMLReporter -->
<testsuite ignored="4" hostname="nandakiran-nfl" failures="0" tests="1" name="Surefire test" time="86.443" errors="0" timestamp="2025-05-27T13:19:18 IST">
  <testcase classname="web.HomePageTests" name="verifyCart" time="67.918"/>
  <testcase classname="web.HomePageTests" name="verifyRedeemAccessFeature" time="0.0">
    <ignored/>
  </testcase> <!-- verifyRedeemAccessFeature -->
  <testcase classname="web.HomePageTests" name="verifyWishlist" time="0.0">
    <ignored/>
  </testcase> <!-- verifyWishlist -->
  <testcase classname="web.HomePageTests" name="verifyProfileFeature" time="0.0">
    <ignored/>
  </testcase> <!-- verifyProfileFeature -->
  <testcase classname="web.HomePageTests" name="verifyHomePage" time="0.0">
    <ignored/>
  </testcase> <!-- verifyHomePage -->
</testsuite> <!-- Surefire test -->
