<?xml version="1.0" encoding="UTF-8"?>
<testng-results ignored="0" total="1" passed="1" failed="0" skipped="0">
  <reporter-output>
  </reporter-output>
  <suite started-at="2025-05-26T10:53:12 IST" name="Surefire suite" finished-at="2025-05-26T10:53:40 IST" duration-ms="28750">
    <groups>
    </groups>
    <test started-at="2025-05-26T10:53:12 IST" name="Surefire test" finished-at="2025-05-26T10:53:40 IST" duration-ms="28750">
      <class name="web.TheSmartStoreTests">
        <test-method is-config="true" signature="setupBrowser()[pri:0, instance:web.TheSmartStoreTests@39655d3e]" started-at="2025-05-26T10:53:12 IST" name="setupBrowser" finished-at="2025-05-26T10:53:16 IST" duration-ms="3894" status="PASS">
          <reporter-output>
          </reporter-output>
        </test-method> <!-- setupBrowser -->
        <test-method is-config="true" signature="initialization()[pri:0, instance:web.TheSmartStoreTests@39655d3e]" started-at="2025-05-26T10:53:16 IST" name="initialization" finished-at="2025-05-26T10:53:20 IST" duration-ms="3946" status="PASS">
          <reporter-output>
          </reporter-output>
        </test-method> <!-- initialization -->
        <test-method signature="verifyBookDetailsOfTSS()[pri:0, instance:web.TheSmartStoreTests@39655d3e]" started-at="2025-05-26T10:53:20 IST" name="verifyBookDetailsOfTSS" finished-at="2025-05-26T10:53:40 IST" duration-ms="20859" status="PASS">
          <reporter-output>
          </reporter-output>
        </test-method> <!-- verifyBookDetailsOfTSS -->
        <test-method is-config="true" signature="tearDownBrowser()[pri:0, instance:web.TheSmartStoreTests@39655d3e]" started-at="2025-05-26T10:53:40 IST" name="tearDownBrowser" finished-at="2025-05-26T10:53:40 IST" duration-ms="0" status="PASS">
          <reporter-output>
          </reporter-output>
        </test-method> <!-- tearDownBrowser -->
      </class> <!-- web.TheSmartStoreTests -->
    </test> <!-- Surefire test -->
  </suite> <!-- Surefire suite -->
</testng-results>
