<?xml version="1.0" encoding="UTF-8"?>
<testng-results ignored="0" total="1" passed="1" failed="0" skipped="0">
  <reporter-output>
  </reporter-output>
  <suite started-at="2025-05-26T10:39:59 IST" name="Default suite" finished-at="2025-05-26T10:40:27 IST" duration-ms="28035">
    <groups>
    </groups>
    <test started-at="2025-05-26T10:39:59 IST" name="Default test" finished-at="2025-05-26T10:40:27 IST" duration-ms="28035">
      <class name="web.TheSmartStoreTests">
        <test-method is-config="true" signature="setupBrowser()[pri:0, instance:web.TheSmartStoreTests@743cb8e0]" started-at="2025-05-26T10:39:59 IST" name="setupBrowser" finished-at="2025-05-26T10:40:02 IST" duration-ms="3381" status="PASS">
          <reporter-output>
          </reporter-output>
        </test-method> <!-- setupBrowser -->
        <test-method is-config="true" signature="initialization()[pri:0, instance:web.TheSmartStoreTests@743cb8e0]" started-at="2025-05-26T10:40:02 IST" name="initialization" finished-at="2025-05-26T10:40:06 IST" duration-ms="3975" status="PASS">
          <reporter-output>
          </reporter-output>
        </test-method> <!-- initialization -->
        <test-method signature="verifyBookDetailsOfTSS()[pri:0, instance:web.TheSmartStoreTests@743cb8e0]" started-at="2025-05-26T10:40:06 IST" name="verifyBookDetailsOfTSS" finished-at="2025-05-26T10:40:27 IST" duration-ms="20635" status="PASS">
          <reporter-output>
          </reporter-output>
        </test-method> <!-- verifyBookDetailsOfTSS -->
        <test-method is-config="true" signature="tearDownBrowser()[pri:0, instance:web.TheSmartStoreTests@743cb8e0]" started-at="2025-05-26T10:40:27 IST" name="tearDownBrowser" finished-at="2025-05-26T10:40:27 IST" duration-ms="1" status="PASS">
          <reporter-output>
          </reporter-output>
        </test-method> <!-- tearDownBrowser -->
      </class> <!-- web.TheSmartStoreTests -->
    </test> <!-- Default test -->
  </suite> <!-- Default suite -->
</testng-results>
